<?xml version="1.0" encoding="UTF-8"?>
<!-- Generated by org.testng.reporters.JUnitReportReporter -->
<testsuite skipped="0" hostname="Abhinavs-MacBook-Pro.local" name="com.authentication.LoginTest" tests="1" failures="0" timestamp="2022-10-01T23:04:56 IST" time="23.693" errors="0">
  <testcase name="testLogin" time="23.693" classname="com.authentication.LoginTest"/>
  <system-out/>
</testsuite> <!-- com.authentication.LoginTest -->
