<?xml version="1.0" encoding="UTF-8"?>
<!-- Generated by org.testng.reporters.JUnitReportReporter -->
<testsuite skipped="0" hostname="Abhinavs-MacBook-Pro.local" name="com.authentication.RegistrationTest" tests="1" failures="0" timestamp="2022-10-01T22:56:24 IST" time="34.598" errors="0">
  <testcase name="testLogin" time="34.598" classname="com.authentication.RegistrationTest"/>
  <system-out/>
</testsuite> <!-- com.authentication.RegistrationTest -->
